cuda available: True
cuda device count: 1
[+] Running on cuda
[+] Loading models (on CPU)…
[+] Preparing LoRA adapters…
[+] Profiling data pipeline (~200 examples)…
👀 Dataset size (train split): 1667 examples
[+] ~200 imgs in 3.9s → 0.020s/img
👀 Dataset size (train split): 1667 examples
[+] 100-step benchmark…
[+] 100 steps: 57.8s → 0.578s/step
[+] Est. full training: 4.8h
[+] Training start…
Step 100/30000 — loss 0.2222
Step 200/30000 — loss 0.0226
Step 300/30000 — loss 0.5360
Step 400/30000 — loss 0.0747
Step 500/30000 — loss 0.5386
Step 600/30000 — loss 0.2691
Step 700/30000 — loss 0.2794
Step 800/30000 — loss 0.0076
Step 900/30000 — loss 0.2701
Step 1000/30000 — loss 0.0036
Step 1100/30000 — loss 0.1119
Step 1200/30000 — loss 0.0275
Step 1300/30000 — loss 0.0576
Step 1400/30000 — loss 0.0209
Step 1500/30000 — loss 0.1179
Step 1600/30000 — loss 0.0352
Step 1700/30000 — loss 0.0099
Step 1800/30000 — loss 0.0075
Step 1900/30000 — loss 0.0262
Step 2000/30000 — loss 0.0075
Step 2100/30000 — loss 0.0397
Step 2200/30000 — loss 0.0653
Step 2300/30000 — loss 0.2887
Step 2400/30000 — loss 0.0323
Step 2500/30000 — loss 0.3946
Step 2600/30000 — loss 0.0307
Step 2700/30000 — loss 0.0019
Step 2800/30000 — loss 0.3378
Step 2900/30000 — loss 0.1428
Step 3000/30000 — loss 0.0040
Step 3100/30000 — loss 0.1393
Step 3200/30000 — loss 0.0031
Step 3300/30000 — loss 0.0542
Step 3400/30000 — loss 0.2226
Step 3500/30000 — loss 0.1290
Step 3600/30000 — loss 0.0532
Step 3700/30000 — loss 0.0031
Step 3800/30000 — loss 0.1004
Step 3900/30000 — loss 0.2836
Step 4000/30000 — loss 0.0084
Step 4100/30000 — loss 0.0834
Step 4200/30000 — loss 0.1173
Step 4300/30000 — loss 0.6903
Step 4400/30000 — loss 0.6947
Step 4500/30000 — loss 0.0056
Step 4600/30000 — loss 0.0092
Step 4700/30000 — loss 0.5100
Step 4800/30000 — loss 0.0242
Step 4900/30000 — loss 0.2651
Step 5000/30000 — loss 0.0579
[+] Saved ./lora-adapters-second-train/checkpoint-5000
Step 5100/30000 — loss 0.0105
Step 5200/30000 — loss 0.0070
Step 5300/30000 — loss 0.5792
Step 5400/30000 — loss 0.1941
Step 5500/30000 — loss 0.0404
Step 5600/30000 — loss 0.0028
Step 5700/30000 — loss 0.0359
Step 5800/30000 — loss 0.0062
Step 5900/30000 — loss 0.0020
Step 6000/30000 — loss 0.0043
Step 6100/30000 — loss 0.0215
Step 6200/30000 — loss 0.0087
Step 6300/30000 — loss 0.0427
Step 6400/30000 — loss 0.2433
Step 6500/30000 — loss 0.0449
Step 6600/30000 — loss 0.0341
Step 6700/30000 — loss 0.0035
Step 6800/30000 — loss 0.0231
Step 6900/30000 — loss 0.0237
Step 7000/30000 — loss 0.0077
Step 7100/30000 — loss 0.0127
Step 7200/30000 — loss 0.0160
Step 7300/30000 — loss 0.0154
Step 7400/30000 — loss 0.4661
Step 7500/30000 — loss 0.0099
Step 7600/30000 — loss 0.4078
Step 7700/30000 — loss 0.0218
Step 7800/30000 — loss 0.0469
Step 7900/30000 — loss 0.0976
Step 8000/30000 — loss 0.0920
Step 8100/30000 — loss 0.0376
Step 8200/30000 — loss 0.0166
Step 8300/30000 — loss 0.0283
Step 8400/30000 — loss 0.0457
Step 8500/30000 — loss 0.0203
Step 8600/30000 — loss 0.0188
Step 8700/30000 — loss 0.0346
Step 8800/30000 — loss 0.1089
Step 8900/30000 — loss 0.0781
Step 9000/30000 — loss 0.0021
Step 9100/30000 — loss 0.0149
Step 9200/30000 — loss 0.0049
Step 9300/30000 — loss 0.0046
Step 9400/30000 — loss 0.0865
Step 9500/30000 — loss 0.4006
Step 9600/30000 — loss 0.0460
Step 9700/30000 — loss 0.1618
Step 9800/30000 — loss 0.1104
Step 9900/30000 — loss 0.3224
Step 10000/30000 — loss 0.0075
[+] Saved ./lora-adapters-second-train/checkpoint-10000
Step 10100/30000 — loss 0.0441
Step 10200/30000 — loss 0.0752
Step 10300/30000 — loss 0.0143
Step 10400/30000 — loss 0.0132
Step 10500/30000 — loss 0.0032
Step 10600/30000 — loss 0.0789
Step 10700/30000 — loss 0.0028
Step 10800/30000 — loss 0.0061
Step 10900/30000 — loss 0.0395
Step 11000/30000 — loss 0.1150
Step 11100/30000 — loss 0.0509
Step 11200/30000 — loss 0.0055
Step 11300/30000 — loss 0.0117
Step 11400/30000 — loss 0.0026
Step 11500/30000 — loss 0.0075
Step 11600/30000 — loss 0.0020
Step 11700/30000 — loss 0.0970
Step 11800/30000 — loss 0.0077
Step 11900/30000 — loss 0.0048
Step 12000/30000 — loss 0.2204
Step 12100/30000 — loss 0.3230
Step 12200/30000 — loss 0.0589
Step 12300/30000 — loss 0.0036
Step 12400/30000 — loss 0.0347
Step 12500/30000 — loss 0.0023
Step 12600/30000 — loss 0.5771
Step 12700/30000 — loss 0.1050
Step 12800/30000 — loss 0.0720
Step 12900/30000 — loss 0.3501
Step 13000/30000 — loss 0.0024
Step 13100/30000 — loss 0.0081
Step 13200/30000 — loss 0.0047
Step 13300/30000 — loss 0.0026
Step 13400/30000 — loss 0.0986
Step 13500/30000 — loss 0.0254
Step 13600/30000 — loss 0.0246
Step 13700/30000 — loss 0.0118
Step 13800/30000 — loss 0.0567
Step 13900/30000 — loss 0.0100
Step 14000/30000 — loss 0.0168
Step 14100/30000 — loss 0.2402
Step 14200/30000 — loss 0.0045
Step 14300/30000 — loss 0.1276
Step 14400/30000 — loss 0.1384
Step 14500/30000 — loss 0.4533
Step 14600/30000 — loss 0.0629
Step 14700/30000 — loss 0.0360
Step 14800/30000 — loss 0.0103
Step 14900/30000 — loss 0.0087
Step 15000/30000 — loss 0.0570
[+] Saved ./lora-adapters-second-train/checkpoint-15000
Step 15100/30000 — loss 0.0232
Step 15200/30000 — loss 0.0263
Step 15300/30000 — loss 0.0885
Step 15400/30000 — loss 0.0421
Step 15500/30000 — loss 0.0052
Step 15600/30000 — loss 0.1503
Step 15700/30000 — loss 0.0012
Step 15800/30000 — loss 0.3544
Step 15900/30000 — loss 0.0574
Step 16000/30000 — loss 0.0051
Step 16100/30000 — loss 0.0838
Step 16200/30000 — loss 0.0575
Step 16300/30000 — loss 0.7400
Step 16400/30000 — loss 0.2242
Step 16500/30000 — loss 0.1825
Step 16600/30000 — loss 0.0124
Step 16700/30000 — loss 0.0258
Step 16800/30000 — loss 0.0059
Step 16900/30000 — loss 0.0189
Step 17000/30000 — loss 0.0074
Step 17100/30000 — loss 0.2273
Step 17200/30000 — loss 0.0064
Step 17300/30000 — loss 0.0978
Step 17400/30000 — loss 0.1305
Step 17500/30000 — loss 0.1176
Step 17600/30000 — loss 0.0047
Step 17700/30000 — loss 0.0057
Step 17800/30000 — loss 0.0791
Step 17900/30000 — loss 0.0075
Step 18000/30000 — loss 0.4457
Step 18100/30000 — loss 0.8516
Step 18200/30000 — loss 0.0458
Step 18300/30000 — loss 0.2992
Step 18400/30000 — loss 0.0026
Step 18500/30000 — loss 0.0772
Step 18600/30000 — loss 0.0031
Step 18700/30000 — loss 0.0130
Step 18800/30000 — loss 0.0035
Step 18900/30000 — loss 0.0622
Step 19000/30000 — loss 0.3797
Step 19100/30000 — loss 0.0083
Step 19200/30000 — loss 0.0060
Step 19300/30000 — loss 0.0413
Step 19400/30000 — loss 0.0211
Step 19500/30000 — loss 0.0272
Step 19600/30000 — loss 0.0162
Step 19700/30000 — loss 0.0050
Step 19800/30000 — loss 0.0070
Step 19900/30000 — loss 0.1293
Step 20000/30000 — loss 0.0014
[+] Saved ./lora-adapters-second-train/checkpoint-20000
Step 20100/30000 — loss 0.0145
Step 20200/30000 — loss 0.2031
Step 20300/30000 — loss 0.0168
Step 20400/30000 — loss 0.0078
Step 20500/30000 — loss 0.4051
Step 20600/30000 — loss 0.0165
Step 20700/30000 — loss 0.0436
Step 20800/30000 — loss 0.0203
Step 20900/30000 — loss 0.2599
Step 21000/30000 — loss 0.0240
Step 21100/30000 — loss 0.2788
Step 21200/30000 — loss 0.0576
Step 21300/30000 — loss 0.0041
Step 21400/30000 — loss 0.0080
Step 21500/30000 — loss 0.5610
Step 21600/30000 — loss 0.0613
Step 21700/30000 — loss 0.0469
Step 21800/30000 — loss 0.0053
Step 21900/30000 — loss 0.0030
Step 22000/30000 — loss 0.0134
Step 22100/30000 — loss 0.0966
Step 22200/30000 — loss 0.2783
Step 22300/30000 — loss 0.1347
Step 22400/30000 — loss 0.0030
Step 22500/30000 — loss 0.0430
Step 22600/30000 — loss 0.0103
Step 22700/30000 — loss 0.3114
Step 22800/30000 — loss 0.0020
Step 22900/30000 — loss 0.0066
Step 23000/30000 — loss 0.0044
Step 23100/30000 — loss 0.0816
Step 23200/30000 — loss 0.0742
Step 23300/30000 — loss 0.0487
Step 23400/30000 — loss 0.1903
Step 23500/30000 — loss 0.0024
Step 23600/30000 — loss 0.0101
Step 23700/30000 — loss 0.0141
Step 23800/30000 — loss 0.5454
Step 23900/30000 — loss 0.0133
Step 24000/30000 — loss 0.3399
Step 24100/30000 — loss 0.0493
Step 24200/30000 — loss 0.0027
Step 24300/30000 — loss 0.0695
Step 24400/30000 — loss 0.0196
Step 24500/30000 — loss 0.0128
Step 24600/30000 — loss 0.0012
Step 24700/30000 — loss 0.2061
Step 24800/30000 — loss 0.0033
Step 24900/30000 — loss 0.0664
Step 25000/30000 — loss 0.2183
[+] Saved ./lora-adapters-second-train/checkpoint-25000
Step 25100/30000 — loss 0.0048
Step 25200/30000 — loss 0.0562
Step 25300/30000 — loss 0.0038
Step 25400/30000 — loss 0.0039
Step 25500/30000 — loss 0.0131
Step 25600/30000 — loss 0.4488
Step 25700/30000 — loss 0.3776
Step 25800/30000 — loss 0.3884
Step 25900/30000 — loss 0.2655
Step 26000/30000 — loss 0.0065
Step 26100/30000 — loss 0.0024
Step 26200/30000 — loss 0.0737
Step 26300/30000 — loss 0.0033
Step 26400/30000 — loss 0.2816
Step 26500/30000 — loss 0.0036
Step 26600/30000 — loss 0.0667
Step 26700/30000 — loss 0.0024
Step 26800/30000 — loss 0.2670
Step 26900/30000 — loss 0.0097
Step 27000/30000 — loss 0.0103
Step 27100/30000 — loss 0.0084
Step 27200/30000 — loss 0.0132
Step 27300/30000 — loss 0.2273
Step 27400/30000 — loss 0.0097
Step 27500/30000 — loss 0.2950
Step 27600/30000 — loss 0.0050
Step 27700/30000 — loss 0.0036
Step 27800/30000 — loss 0.0056
Step 27900/30000 — loss 0.4604
Step 28000/30000 — loss 0.0144
Step 28100/30000 — loss 0.0032
Step 28200/30000 — loss 0.0015
Step 28300/30000 — loss 0.0161
Step 28400/30000 — loss 0.3664
Step 28500/30000 — loss 0.0034
Step 28600/30000 — loss 0.0054
Step 28700/30000 — loss 0.0159
Step 28800/30000 — loss 0.0062
Step 28900/30000 — loss 0.0135
Step 29000/30000 — loss 0.4142
Step 29100/30000 — loss 0.0606
Step 29200/30000 — loss 0.0112
Step 29300/30000 — loss 0.3969
Step 29400/30000 — loss 0.0190
Step 29500/30000 — loss 0.6126
Step 29600/30000 — loss 0.2434
Step 29700/30000 — loss 0.0010
Step 29800/30000 — loss 0.1893
Step 29900/30000 — loss 0.0205
Step 30000/30000 — loss 0.0561
[+] Saved ./lora-adapters-second-train/checkpoint-30000
[+] Done — outputs in ./lora-adapters-second-train
