cuda available: True
cuda device count: 1
[+] Running on cuda
[+] Loading models (on CPU)…
[+] Preparing LoRA adapters…
[+] Profiling data pipeline (~200 examples)…
👀 Dataset size (train split): 1667 examples
[+] ~200 imgs in 244.3s → 1.222s/img
👀 Dataset size (train split): 1667 examples
[+] 100-step benchmark…
[+] 100 steps: 61.6s → 0.616s/step
[+] Est. full training: 5.1h
[+] Training start…
Step 100/30000 — loss 0.1028
Step 200/30000 — loss 0.1299
Step 300/30000 — loss 0.2380
Step 400/30000 — loss 0.3285
Step 500/30000 — loss 0.2151
Step 600/30000 — loss 0.1006
Step 700/30000 — loss 0.3041
Step 800/30000 — loss 0.0036
Step 900/30000 — loss 0.0092
Step 1000/30000 — loss 0.0031
Step 1100/30000 — loss 0.6236
Step 1200/30000 — loss 0.3273
Step 1300/30000 — loss 0.0964
Step 1400/30000 — loss 0.1381
Step 1500/30000 — loss 0.0023
Step 1600/30000 — loss 0.0451
Step 1700/30000 — loss 0.2181
Step 1800/30000 — loss 0.0168
Step 1900/30000 — loss 0.0103
Step 2000/30000 — loss 0.0709
Step 2100/30000 — loss 0.0025
Step 2200/30000 — loss 0.0571
Step 2300/30000 — loss 0.0061
Step 2400/30000 — loss 0.1349
Step 2500/30000 — loss 0.0750
Step 2600/30000 — loss 0.2270
Step 2700/30000 — loss 0.6528
Step 2800/30000 — loss 0.1580
Step 2900/30000 — loss 0.0865
Step 3000/30000 — loss 0.1195
Step 3100/30000 — loss 0.4871
Step 3200/30000 — loss 0.0034
Step 3300/30000 — loss 0.0151
Step 3400/30000 — loss 0.1920
Step 3500/30000 — loss 0.0038
Step 3600/30000 — loss 0.0021
Step 3700/30000 — loss 0.0209
Step 3800/30000 — loss 0.1605
Step 3900/30000 — loss 0.2619
Step 4000/30000 — loss 0.0535
Step 4100/30000 — loss 0.0839
Step 4200/30000 — loss 0.2139
Step 4300/30000 — loss 0.0376
Step 4400/30000 — loss 0.0028
Step 4500/30000 — loss 0.3018
Step 4600/30000 — loss 0.0055
Step 4700/30000 — loss 0.0543
Step 4800/30000 — loss 0.1407
Step 4900/30000 — loss 0.0222
Step 5000/30000 — loss 0.0201
[+] Saved ./lora-adapters-third-train/checkpoint-5000
